\BOOKMARK [0][-]{chapter.1}{\376\377\000I\000n\000t\000r\000o\000d\000u\000c\000t\000i\000o\000n}{}% 1
\BOOKMARK [1][-]{section.1.1}{\376\377\000W\000h\000a\000t\000\040\000s\000h\000o\000u\000l\000d\000\040\000g\000o\000\040\000i\000n\000t\000o\000\040\000t\000h\000i\000s\000\040\000c\000h\000a\000p\000t\000e\000r\000?}{chapter.1}% 2
\BOOKMARK [1][-]{section.1.2}{\376\377\000E\000x\000a\000m\000p\000l\000e\000\040\000o\000f\000\040\000t\000e\000x\000t}{chapter.1}% 3
\BOOKMARK [0][-]{chapter.2}{\376\377\000P\000r\000o\000j\000e\000c\000t\000\040\000B\000a\000c\000k\000g\000r\000o\000u\000n\000d}{}% 4
\BOOKMARK [1][-]{section.2.1}{\376\377\000P\000r\000o\000j\000e\000c\000t\000\040\000B\000a\000c\000k\000g\000r\000o\000u\000n\000d}{chapter.2}% 5
\BOOKMARK [1][-]{section.2.2}{\376\377\000P\000r\000o\000j\000e\000c\000t\000\040\000S\000c\000o\000p\000e}{chapter.2}% 6
\BOOKMARK [2][-]{subsection.2.2.1}{\376\377\000O\000u\000t\000l\000i\000n\000e}{section.2.2}% 7
\BOOKMARK [1][-]{section.2.3}{\376\377\000W\000h\000a\000t\000\040\000s\000h\000o\000u\000l\000d\000\040\000g\000o\000\040\000i\000n\000t\000o\000\040\000t\000h\000i\000s\000\040\000c\000h\000a\000p\000t\000e\000r\000?}{chapter.2}% 8
\BOOKMARK [0][-]{chapter.3}{\376\377\000P\000r\000o\000c\000e\000s\000s\000-\000r\000e\000l\000a\000t\000e\000d\000\040\000p\000r\000o\000b\000l\000e\000m}{}% 9
\BOOKMARK [1][-]{section.3.1}{\376\377\000H\000o\000w\000\040\000t\000o\000\040\000s\000e\000t\000\040\000t\000a\000b\000l\000e\000s\000\040\000i\000n\000\040\000L\000a\000T\000e\000X\000?}{chapter.3}% 10
\BOOKMARK [1][-]{section.3.2}{\376\377\000P\000r\000o\000b\000l\000e\000m\000\040\000S\000t\000a\000t\000e\000m\000e\000n\000t}{chapter.3}% 11
\BOOKMARK [1][-]{section.3.3}{\376\377\000S\000e\000l\000e\000c\000t\000e\000d\000\040\000S\000o\000l\000u\000t\000i\000o\000n}{chapter.3}% 12
\BOOKMARK [1][-]{section.3.4}{\376\377\000I\000m\000p\000l\000e\000m\000e\000n\000t\000a\000t\000i\000o\000n}{chapter.3}% 13
\BOOKMARK [1][-]{section.3.5}{\376\377\000R\000e\000s\000u\000l\000t\000s}{chapter.3}% 14
\BOOKMARK [0][-]{chapter.4}{\376\377\000S\000o\000f\000t\000w\000a\000r\000e\000\040\000E\000n\000g\000i\000n\000e\000e\000r\000i\000n\000g\000-\000R\000e\000l\000a\000t\000e\000d\000\040\000P\000r\000o\000b\000l\000e\000m}{}% 15
\BOOKMARK [1][-]{section.4.1}{\376\377\000P\000r\000o\000b\000l\000e\000m\000\040\000S\000t\000a\000t\000e\000m\000e\000n\000t}{chapter.4}% 16
\BOOKMARK [1][-]{section.4.2}{\376\377\000S\000e\000l\000e\000c\000t\000e\000d\000\040\000S\000o\000l\000u\000t\000i\000o\000n}{chapter.4}% 17
\BOOKMARK [1][-]{section.4.3}{\376\377\000I\000m\000p\000l\000e\000m\000e\000n\000t\000a\000t\000i\000o\000n}{chapter.4}% 18
\BOOKMARK [1][-]{section.4.4}{\376\377\000R\000e\000s\000u\000l\000t\000s}{chapter.4}% 19
\BOOKMARK [0][-]{chapter.5}{\376\377\000R\000e\000f\000l\000e\000c\000t\000i\000o\000n}{}% 20
\BOOKMARK [1][-]{section.5.1}{\376\377\000W\000h\000a\000t\000\040\000s\000h\000o\000u\000l\000d\000\040\000g\000o\000\040\000i\000n\000t\000o\000\040\000t\000h\000i\000s\000\040\000c\000h\000a\000p\000t\000e\000r\000?}{chapter.5}% 21
\BOOKMARK [0][-]{chapter.6}{\376\377\000I\000n\000d\000i\000v\000i\000d\000u\000a\000l\000\040\000R\000e\000f\000l\000e\000c\000t\000i\000o\000n\000s}{}% 22
\BOOKMARK [1][-]{section.6.1}{\376\377\000W\000h\000a\000t\000\040\000s\000h\000o\000u\000l\000d\000\040\000g\000o\000\040\000i\000n\000t\000o\000\040\000t\000h\000i\000s\000\040\000c\000h\000a\000p\000t\000e\000r\000?}{chapter.6}% 23
\BOOKMARK [1][-]{section.6.2}{\376\377\000S\000t\000u\000d\000e\000n\000t\000\040\0001}{chapter.6}% 24
\BOOKMARK [1][-]{section.6.3}{\376\377\000S\000t\000u\000d\000e\000n\000t\000\040\0002}{chapter.6}% 25
\BOOKMARK [1][-]{section.6.4}{\376\377\000S\000t\000u\000d\000e\000n\000t\000\040\0003}{chapter.6}% 26
\BOOKMARK [1][-]{section.6.5}{\376\377\000S\000t\000u\000d\000e\000n\000t\000\040\0004}{chapter.6}% 27
\BOOKMARK [0][-]{chapter.7}{\376\377\000C\000o\000n\000c\000l\000u\000s\000i\000o\000n}{}% 28
\BOOKMARK [0][-]{appendix.A}{\376\377\000A\000p\000p\000e\000n\000d\000i\000x\000\040\000A}{}% 29
\BOOKMARK [1][-]{section.A.1}{\376\377\000F\000i\000r\000s\000t\000\040\000s\000e\000c\000t\000i\000o\000n}{appendix.A}% 30
\BOOKMARK [1][-]{section.A.2}{\376\377\000S\000e\000c\000o\000n\000d\000\040\000s\000e\000c\000t\000i\000o\000n}{appendix.A}% 31
\BOOKMARK [1][-]{section.A.3}{\376\377\000T\000h\000i\000r\000d\000\040\000s\000e\000c\000t\000i\000o\000n}{appendix.A}% 32
